<?xml version="1.0" encoding="UTF-8"?>
<!-- Generated by org.testng.reporters.JUnitReportReporter -->
<testsuite ignored="0" hostname="LAPTOP-0O9MMUO5" failures="0" tests="1" name="com.selenium.assessment.SetUp" time="0.651" errors="0" timestamp="31 Jan 2022 19:42:07 GMT" skipped="0">
  <testcase classname="com.selenium.assessment.SetUp" name="test_case_one" time="0.651"/>
</testsuite> <!-- com.selenium.assessment.SetUp -->
