<?xml version="1.0" encoding="UTF-8"?>
<!-- Generated by org.testng.reporters.JUnitReportReporter -->
<testsuite ignored="0" hostname="LAPTOP-0O9MMUO5" failures="0" tests="1" name="com.selenium.assessment.PageTitle" time="3.475" errors="0" timestamp="31 Jan 2022 19:36:49 GMT" skipped="0">
  <testcase classname="com.selenium.assessment.PageTitle" name="test_case_one" time="3.475"/>
</testsuite> <!-- com.selenium.assessment.PageTitle -->
