<?xml version="1.0" encoding="UTF-8"?>
<!-- Generated by org.testng.reporters.JUnitReportReporter -->
<testsuite ignored="0" hostname="LAPTOP-0O9MMUO5" failures="0" tests="5" name="com.selenium.assessment.Login" time="6.244" errors="0" timestamp="31 Jan 2022 19:42:07 GMT" skipped="0">
  <testcase classname="com.selenium.assessment.Login" name="login" time="1.544"/>
  <testcase classname="com.selenium.assessment.Login" name="Validation" time="0.006"/>
  <testcase classname="com.selenium.assessment.Login" name="Validation2" time="0.025"/>
  <testcase classname="com.selenium.assessment.Login" name="login" time="4.650"/>
  <testcase classname="com.selenium.assessment.Login" name="Validation3" time="0.019"/>
</testsuite> <!-- com.selenium.assessment.Login -->
