<?xml version="1.0" encoding="UTF-8"?>
<!-- Generated by org.testng.reporters.JUnitReportReporter -->
<testsuite ignored="0" hostname="LAPTOP-0O9MMUO5" failures="0" tests="2" name="com.selenium.assessment.Project" time="11.850" errors="0" timestamp="31 Jan 2022 19:16:14 GMT" skipped="0">
  <testcase classname="com.selenium.assessment.Project" name="login" time="7.084"/>
  <testcase classname="com.selenium.assessment.Project" name="add" time="4.766"/>
</testsuite> <!-- com.selenium.assessment.Project -->
