<?xml version="1.0" encoding="UTF-8"?>
<!-- Generated by org.testng.reporters.JUnitReportReporter -->
<testsuite ignored="0" hostname="LAPTOP-0O9MMUO5" failures="0" tests="2" name="com.selenium.assessment.AddUser" time="6.288" errors="0" timestamp="31 Jan 2022 19:42:07 GMT" skipped="0">
  <testcase classname="com.selenium.assessment.AddUser" name="NavigateToAdminSection" time="1.912"/>
  <testcase classname="com.selenium.assessment.AddUser" name="add" time="4.376"/>
</testsuite> <!-- com.selenium.assessment.AddUser -->
